<?xml version="1.0" encoding="UTF-8"?>
<testsuite name="demo.TeleportHQTest" tests="30" skipped="0" failures="0" errors="0" timestamp="2024-08-20T19:32:52" hostname="LAPTOP-95RP200R" time="158.747">
  <properties/>
  <testcase name="notificationEditAdminTest" classname="demo.TeleportHQTest" time="7.83"/>
  <testcase name="chatCommunicationBreadCrumbAdminTest" classname="demo.TeleportHQTest" time="4.647"/>
  <testcase name="UserDetailBreadCrumbAdminTest" classname="demo.TeleportHQTest" time="4.754"/>
  <testcase name="UserDetailSideMenuAdminTest" classname="demo.TeleportHQTest" time="3.646"/>
  <testcase name="textEditAdminTest" classname="demo.TeleportHQTest" time="4.655"/>
  <testcase name="textTabAdminTest" classname="demo.TeleportHQTest" time="4.096"/>
  <testcase name="communicationDetailSideMenuBankTest" classname="demo.TeleportHQTest" time="4.157"/>
  <testcase name="acknowledgmentEditAdminTest" classname="demo.TeleportHQTest" time="4.053"/>
  <testcase name="communicationForwardBankTest" classname="demo.TeleportHQTest" time="4.556"/>
  <testcase name="chatCommunicationSideMenuAdminTest" classname="demo.TeleportHQTest" time="4.542"/>
  <testcase name="UserEditAdminTest" classname="demo.TeleportHQTest" time="6.484"/>
  <testcase name="communicationCreateSideMenuAdminTest" classname="demo.TeleportHQTest" time="4.783"/>
  <testcase name="groupsTabAdminTest" classname="demo.TeleportHQTest" time="8.875"/>
  <testcase name="signatureEditAdminTest" classname="demo.TeleportHQTest" time="10.912"/>
  <testcase name="configurationAdminTest" classname="demo.TeleportHQTest" time="8.679"/>
  <testcase name="communicationAnswerBankTest" classname="demo.TeleportHQTest" time="4.103"/>
  <testcase name="groupCreateAdminTest" classname="demo.TeleportHQTest" time="5.333"/>
  <testcase name="communicationCreateAdminTest" classname="demo.TeleportHQTest" time="4.793"/>
  <testcase name="communicationCreateBreadCrumbAdminTest" classname="demo.TeleportHQTest" time="4.336"/>
  <testcase name="groupDetailAdminTest" classname="demo.TeleportHQTest" time="5.454"/>
  <testcase name="notificationCreateAdminTest" classname="demo.TeleportHQTest" time="5.039"/>
  <testcase name="notificationTabAdminTest" classname="demo.TeleportHQTest" time="4.935"/>
  <testcase name="groupEditAdminTest" classname="demo.TeleportHQTest" time="4.567"/>
  <testcase name="UserCreateAdminTest" classname="demo.TeleportHQTest" time="4.946"/>
  <testcase name="signatureCreateAdminTest" classname="demo.TeleportHQTest" time="5.136"/>
  <testcase name="signatureTabAdminTest" classname="demo.TeleportHQTest" time="5.024"/>
  <testcase name="addressBookEditBankTest" classname="demo.TeleportHQTest" time="5.121"/>
  <testcase name="notificationDetailAdminTest" classname="demo.TeleportHQTest" time="3.88"/>
  <testcase name="addressBookCreateBankTest" classname="demo.TeleportHQTest" time="4.761"/>
  <testcase name="communicationDetailBreadCrumbBankTest" classname="demo.TeleportHQTest" time="4.649"/>
  <system-out><![CDATA[21:32:45.305 [Test worker] DEBUG org.springframework.test.context.junit4.SpringJUnit4ClassRunner - SpringJUnit4ClassRunner constructor called with [class demo.TeleportHQTest]
21:32:45.318 [Test worker] DEBUG org.springframework.test.context.BootstrapUtils - Instantiating CacheAwareContextLoaderDelegate from class [org.springframework.test.context.cache.DefaultCacheAwareContextLoaderDelegate]
21:32:45.335 [Test worker] DEBUG org.springframework.test.context.BootstrapUtils - Instantiating BootstrapContext using constructor [public org.springframework.test.context.support.DefaultBootstrapContext(java.lang.Class,org.springframework.test.context.CacheAwareContextLoaderDelegate)]
21:32:45.392 [Test worker] DEBUG org.springframework.test.context.BootstrapUtils - Instantiating TestContextBootstrapper for test class [demo.TeleportHQTest] from class [org.springframework.boot.test.context.SpringBootTestContextBootstrapper]
21:32:45.430 [Test worker] INFO org.springframework.boot.test.context.SpringBootTestContextBootstrapper - Neither @ContextConfiguration nor @ContextHierarchy found for test class [demo.TeleportHQTest], using SpringBootContextLoader
21:32:45.439 [Test worker] DEBUG org.springframework.test.context.support.AbstractContextLoader - Did not detect default resource location for test class [demo.TeleportHQTest]: class path resource [demo/TeleportHQTest-context.xml] does not exist
21:32:45.440 [Test worker] DEBUG org.springframework.test.context.support.AbstractContextLoader - Did not detect default resource location for test class [demo.TeleportHQTest]: class path resource [demo/TeleportHQTestContext.groovy] does not exist
21:32:45.441 [Test worker] INFO org.springframework.test.context.support.AbstractContextLoader - Could not detect default resource locations for test class [demo.TeleportHQTest]: no resource found for suffixes {-context.xml, Context.groovy}.
21:32:45.442 [Test worker] INFO org.springframework.test.context.support.AnnotationConfigContextLoaderUtils - Could not detect default configuration classes for test class [demo.TeleportHQTest]: TeleportHQTest does not declare any static, non-private, non-final, nested classes annotated with @Configuration.
21:32:45.511 [Test worker] DEBUG org.springframework.test.context.support.ActiveProfilesUtils - Could not find an 'annotation declaring class' for annotation type [org.springframework.test.context.ActiveProfiles] and class [demo.TeleportHQTest]
21:32:45.619 [Test worker] DEBUG org.springframework.context.annotation.ClassPathScanningCandidateComponentProvider - Identified candidate component class: file [C:\Users\massa\Desktop\gitProjects\SeleniumTest\build\classes\java\main\demo\ServingWebContentApplication.class]
21:32:45.621 [Test worker] INFO org.springframework.boot.test.context.SpringBootTestContextBootstrapper - Found @SpringBootConfiguration demo.ServingWebContentApplication for test class demo.TeleportHQTest
21:32:45.828 [Test worker] DEBUG org.springframework.boot.test.context.SpringBootTestContextBootstrapper - @TestExecutionListeners is not present for class [demo.TeleportHQTest]: using defaults.
21:32:45.829 [Test worker] INFO org.springframework.boot.test.context.SpringBootTestContextBootstrapper - Loaded default TestExecutionListener class names from location [META-INF/spring.factories]: [org.springframework.boot.test.autoconfigure.restdocs.RestDocsTestExecutionListener, org.springframework.boot.test.autoconfigure.web.client.MockRestServiceServerResetTestExecutionListener, org.springframework.boot.test.autoconfigure.web.servlet.MockMvcPrintOnlyOnFailureTestExecutionListener, org.springframework.boot.test.autoconfigure.web.servlet.WebDriverTestExecutionListener, org.springframework.boot.test.autoconfigure.webservices.client.MockWebServiceServerTestExecutionListener, org.springframework.boot.test.mock.mockito.MockitoTestExecutionListener, org.springframework.boot.test.mock.mockito.ResetMocksTestExecutionListener, org.springframework.test.context.web.ServletTestExecutionListener, org.springframework.test.context.support.DirtiesContextBeforeModesTestExecutionListener, org.springframework.test.context.support.DependencyInjectionTestExecutionListener, org.springframework.test.context.support.DirtiesContextTestExecutionListener, org.springframework.test.context.transaction.TransactionalTestExecutionListener, org.springframework.test.context.jdbc.SqlScriptsTestExecutionListener, org.springframework.test.context.event.EventPublishingTestExecutionListener]
21:32:45.860 [Test worker] INFO org.springframework.boot.test.context.SpringBootTestContextBootstrapper - Using TestExecutionListeners: [org.springframework.test.context.web.ServletTestExecutionListener@8692d67, org.springframework.test.context.support.DirtiesContextBeforeModesTestExecutionListener@78f5c518, org.springframework.boot.test.mock.mockito.MockitoTestExecutionListener@2f48b3d2, org.springframework.boot.test.autoconfigure.SpringBootDependencyInjectionTestExecutionListener@34f7234e, org.springframework.test.context.support.DirtiesContextTestExecutionListener@753432a2, org.springframework.test.context.transaction.TransactionalTestExecutionListener@23bff419, org.springframework.test.context.jdbc.SqlScriptsTestExecutionListener@4983159f, org.springframework.test.context.event.EventPublishingTestExecutionListener@44e3a2b2, org.springframework.boot.test.autoconfigure.restdocs.RestDocsTestExecutionListener@101639ae, org.springframework.boot.test.autoconfigure.web.client.MockRestServiceServerResetTestExecutionListener@4c550889, org.springframework.boot.test.autoconfigure.web.servlet.MockMvcPrintOnlyOnFailureTestExecutionListener@1d2bd371, org.springframework.boot.test.autoconfigure.web.servlet.WebDriverTestExecutionListener@44040454, org.springframework.boot.test.autoconfigure.webservices.client.MockWebServiceServerTestExecutionListener@65fe9e33, org.springframework.boot.test.mock.mockito.ResetMocksTestExecutionListener@18bc345]
21:32:45.863 [Test worker] DEBUG org.springframework.test.annotation.ProfileValueUtils - Retrieved @ProfileValueSourceConfiguration [null] for test class [demo.TeleportHQTest]
21:32:45.865 [Test worker] DEBUG org.springframework.test.annotation.ProfileValueUtils - Retrieved ProfileValueSource type [class org.springframework.test.annotation.SystemProfileValueSource] for class [demo.TeleportHQTest]
21:32:45.869 [Test worker] DEBUG org.springframework.test.annotation.ProfileValueUtils - Retrieved @ProfileValueSourceConfiguration [null] for test class [demo.TeleportHQTest]
21:32:45.870 [Test worker] DEBUG org.springframework.test.annotation.ProfileValueUtils - Retrieved ProfileValueSource type [class org.springframework.test.annotation.SystemProfileValueSource] for class [demo.TeleportHQTest]
21:32:45.873 [Test worker] DEBUG org.springframework.test.annotation.ProfileValueUtils - Retrieved @ProfileValueSourceConfiguration [null] for test class [demo.TeleportHQTest]
21:32:45.873 [Test worker] DEBUG org.springframework.test.annotation.ProfileValueUtils - Retrieved ProfileValueSource type [class org.springframework.test.annotation.SystemProfileValueSource] for class [demo.TeleportHQTest]
21:32:45.875 [Test worker] DEBUG org.springframework.test.annotation.ProfileValueUtils - Retrieved @ProfileValueSourceConfiguration [null] for test class [demo.TeleportHQTest]
21:32:45.876 [Test worker] DEBUG org.springframework.test.annotation.ProfileValueUtils - Retrieved ProfileValueSource type [class org.springframework.test.annotation.SystemProfileValueSource] for class [demo.TeleportHQTest]
21:32:45.877 [Test worker] DEBUG org.springframework.test.annotation.ProfileValueUtils - Retrieved @ProfileValueSourceConfiguration [null] for test class [demo.TeleportHQTest]
21:32:45.877 [Test worker] DEBUG org.springframework.test.annotation.ProfileValueUtils - Retrieved ProfileValueSource type [class org.springframework.test.annotation.SystemProfileValueSource] for class [demo.TeleportHQTest]
21:32:45.887 [Test worker] DEBUG org.springframework.test.context.support.AbstractDirtiesContextTestExecutionListener - Before test class: context [DefaultTestContext@6b98a075 testClass = TeleportHQTest, testInstance = [null], testMethod = [null], testException = [null], mergedContextConfiguration = [WebMergedContextConfiguration@2e61d218 testClass = TeleportHQTest, locations = '{}', classes = '{class demo.ServingWebContentApplication}', contextInitializerClasses = '[]', activeProfiles = '{}', propertySourceLocations = '{}', propertySourceProperties = '{org.springframework.boot.test.context.SpringBootTestContextBootstrapper=true}', contextCustomizers = set[org.springframework.boot.test.autoconfigure.properties.PropertyMappingContextCustomizer@0, org.springframework.boot.test.autoconfigure.web.servlet.WebDriverContextCustomizerFactory$Customizer@51bf5add, org.springframework.boot.test.context.filter.ExcludeFilterContextCustomizer@51bd8b5c, org.springframework.boot.test.json.DuplicateJsonObjectContextCustomizerFactory$DuplicateJsonObjectContextCustomizer@2462cb01, org.springframework.boot.test.mock.mockito.MockitoContextCustomizer@0, org.springframework.boot.test.web.client.TestRestTemplateContextCustomizer@34b9f960, org.springframework.boot.test.context.SpringBootTestArgs@1], resourceBasePath = 'src/main/webapp', contextLoader = 'org.springframework.boot.test.context.SpringBootContextLoader', parent = [null]], attributes = map['org.springframework.test.context.web.ServletTestExecutionListener.activateListener' -> false]], class annotated with @DirtiesContext [false] with mode [null].
21:32:45.890 [Test worker] DEBUG org.springframework.test.annotation.ProfileValueUtils - Retrieved @ProfileValueSourceConfiguration [null] for test class [demo.TeleportHQTest]
21:32:45.890 [Test worker] DEBUG org.springframework.test.annotation.ProfileValueUtils - Retrieved ProfileValueSource type [class org.springframework.test.annotation.SystemProfileValueSource] for class [demo.TeleportHQTest]
21:32:45.898 [Test worker] DEBUG org.springframework.test.context.support.DependencyInjectionTestExecutionListener - Performing dependency injection for test context [[DefaultTestContext@6b98a075 testClass = TeleportHQTest, testInstance = demo.TeleportHQTest@78365cfa, testMethod = [null], testException = [null], mergedContextConfiguration = [WebMergedContextConfiguration@2e61d218 testClass = TeleportHQTest, locations = '{}', classes = '{class demo.ServingWebContentApplication}', contextInitializerClasses = '[]', activeProfiles = '{}', propertySourceLocations = '{}', propertySourceProperties = '{org.springframework.boot.test.context.SpringBootTestContextBootstrapper=true}', contextCustomizers = set[org.springframework.boot.test.autoconfigure.properties.PropertyMappingContextCustomizer@0, org.springframework.boot.test.autoconfigure.web.servlet.WebDriverContextCustomizerFactory$Customizer@51bf5add, org.springframework.boot.test.context.filter.ExcludeFilterContextCustomizer@51bd8b5c, org.springframework.boot.test.json.DuplicateJsonObjectContextCustomizerFactory$DuplicateJsonObjectContextCustomizer@2462cb01, org.springframework.boot.test.mock.mockito.MockitoContextCustomizer@0, org.springframework.boot.test.web.client.TestRestTemplateContextCustomizer@34b9f960, org.springframework.boot.test.context.SpringBootTestArgs@1], resourceBasePath = 'src/main/webapp', contextLoader = 'org.springframework.boot.test.context.SpringBootContextLoader', parent = [null]], attributes = map['org.springframework.test.context.web.ServletTestExecutionListener.activateListener' -> false]]].
21:32:45.943 [Test worker] DEBUG org.springframework.test.context.support.TestPropertySourceUtils - Adding inlined properties to environment: {spring.jmx.enabled=false, org.springframework.boot.test.context.SpringBootTestContextBootstrapper=true}

  .   ____          _            __ _ _
 /\\ / ___'_ __ _ _(_)_ __  __ _ \ \ \ \
( ( )\___ | '_ | '_| | '_ \/ _` | \ \ \ \
 \\/  ___)| |_)| | | | | || (_| |  ) ) ) )
  '  |____| .__|_| |_|_| |_\__, | / / / /
 =========|_|==============|___/=/_/_/_/
 :: Spring Boot ::        (v2.3.2.RELEASE)

2024-08-20 21:32:46.420  INFO 17220 --- [    Test worker] demo.TeleportHQTest                      : Starting TeleportHQTest on LAPTOP-95RP200R with PID 17220 (started by massa in C:\Users\massa\Desktop\gitProjects\SeleniumTest)
2024-08-20 21:32:46.423  INFO 17220 --- [    Test worker] demo.TeleportHQTest                      : No active profile set, falling back to default profiles: default
2024-08-20 21:32:47.508  INFO 17220 --- [    Test worker] .s.d.r.c.RepositoryConfigurationDelegate : Bootstrapping Spring Data JPA repositories in DEFERRED mode.
2024-08-20 21:32:47.550  INFO 17220 --- [    Test worker] .s.d.r.c.RepositoryConfigurationDelegate : Finished Spring Data repository scanning in 27ms. Found 0 JPA repository interfaces.
2024-08-20 21:32:48.721  INFO 17220 --- [    Test worker] o.s.b.w.embedded.tomcat.TomcatWebServer  : Tomcat initialized with port(s): 8080 (http)
2024-08-20 21:32:48.738  INFO 17220 --- [    Test worker] o.apache.catalina.core.StandardService   : Starting service [Tomcat]
2024-08-20 21:32:48.739  INFO 17220 --- [    Test worker] org.apache.catalina.core.StandardEngine  : Starting Servlet engine: [Apache Tomcat/9.0.37]
2024-08-20 21:32:49.051  INFO 17220 --- [    Test worker] o.a.c.c.C.[Tomcat].[localhost].[/]       : Initializing Spring embedded WebApplicationContext
2024-08-20 21:32:49.051  INFO 17220 --- [    Test worker] w.s.c.ServletWebServerApplicationContext : Root WebApplicationContext: initialization completed in 2586 ms
2024-08-20 21:32:49.603  INFO 17220 --- [    Test worker] o.s.s.concurrent.ThreadPoolTaskExecutor  : Initializing ExecutorService 'applicationTaskExecutor'
2024-08-20 21:32:49.638  INFO 17220 --- [    Test worker] com.zaxxer.hikari.HikariDataSource       : HikariPool-1 - Starting...
2024-08-20 21:32:49.991  INFO 17220 --- [    Test worker] com.zaxxer.hikari.HikariDataSource       : HikariPool-1 - Start completed.
2024-08-20 21:32:50.160  INFO 17220 --- [         task-1] o.hibernate.jpa.internal.util.LogHelper  : HHH000204: Processing PersistenceUnitInfo [name: default]
2024-08-20 21:32:50.268  WARN 17220 --- [    Test worker] JpaBaseConfiguration$JpaWebConfiguration : spring.jpa.open-in-view is enabled by default. Therefore, database queries may be performed during view rendering. Explicitly configure spring.jpa.open-in-view to disable this warning
2024-08-20 21:32:50.316  INFO 17220 --- [         task-1] org.hibernate.Version                    : HHH000412: Hibernate ORM core version 5.4.18.Final
2024-08-20 21:32:50.767  INFO 17220 --- [         task-1] o.hibernate.annotations.common.Version   : HCANN000001: Hibernate Commons Annotations {5.1.0.Final}
2024-08-20 21:32:51.160  INFO 17220 --- [         task-1] org.hibernate.dialect.Dialect            : HHH000400: Using dialect: org.hibernate.dialect.H2Dialect
2024-08-20 21:32:51.775  INFO 17220 --- [         task-1] o.h.e.t.j.p.i.JtaPlatformInitiator       : HHH000490: Using JtaPlatform implementation: [org.hibernate.engine.transaction.jta.platform.internal.NoJtaPlatform]
2024-08-20 21:32:51.795  INFO 17220 --- [         task-1] j.LocalContainerEntityManagerFactoryBean : Initialized JPA EntityManagerFactory for persistence unit 'default'
2024-08-20 21:32:52.236  INFO 17220 --- [    Test worker] o.s.b.w.embedded.tomcat.TomcatWebServer  : Tomcat started on port(s): 8080 (http) with context path ''
2024-08-20 21:32:52.238  INFO 17220 --- [    Test worker] DeferredRepositoryInitializationListener : Triggering deferred initialization of Spring Data repositories…
2024-08-20 21:32:52.240  INFO 17220 --- [    Test worker] DeferredRepositoryInitializationListener : Spring Data repositories initialized!
2024-08-20 21:32:52.256  INFO 17220 --- [    Test worker] demo.TeleportHQTest                      : Started TeleportHQTest in 6.309 seconds (JVM running for 8.324)
2024-08-20 21:32:53.147  INFO 17220 --- [    Test worker] i.g.bonigarcia.wdm.WebDriverManager      : Using chromedriver 127.0.6533.119 (resolved driver for Chrome 127)
2024-08-20 21:32:53.181  INFO 17220 --- [    Test worker] i.g.bonigarcia.wdm.WebDriverManager      : Exporting webdriver.chrome.driver as C:\Users\massa\.cache\selenium\chromedriver\win64\127.0.6533.119\chromedriver.exe
2024-08-20 21:32:55.108  INFO 17220 --- [ null to remote] o.o.selenium.remote.ProtocolHandshake    : Detected dialect: W3C
2024-08-20 21:33:00.124  INFO 17220 --- [    Test worker] i.g.bonigarcia.wdm.WebDriverManager      : Using chromedriver 127.0.6533.119 (resolved driver for Chrome 127)
2024-08-20 21:33:00.137  INFO 17220 --- [    Test worker] i.g.bonigarcia.wdm.WebDriverManager      : Exporting webdriver.chrome.driver as C:\Users\massa\.cache\selenium\chromedriver\win64\127.0.6533.119\chromedriver.exe
2024-08-20 21:33:01.354  INFO 17220 --- [ null to remote] o.o.selenium.remote.ProtocolHandshake    : Detected dialect: W3C
2024-08-20 21:33:04.771  INFO 17220 --- [    Test worker] i.g.bonigarcia.wdm.WebDriverManager      : Using chromedriver 127.0.6533.119 (resolved driver for Chrome 127)
2024-08-20 21:33:04.786  INFO 17220 --- [    Test worker] i.g.bonigarcia.wdm.WebDriverManager      : Exporting webdriver.chrome.driver as C:\Users\massa\.cache\selenium\chromedriver\win64\127.0.6533.119\chromedriver.exe
2024-08-20 21:33:05.913  INFO 17220 --- [ null to remote] o.o.selenium.remote.ProtocolHandshake    : Detected dialect: W3C
2024-08-20 21:33:09.527  INFO 17220 --- [    Test worker] i.g.bonigarcia.wdm.WebDriverManager      : Using chromedriver 127.0.6533.119 (resolved driver for Chrome 127)
2024-08-20 21:33:09.540  INFO 17220 --- [    Test worker] i.g.bonigarcia.wdm.WebDriverManager      : Exporting webdriver.chrome.driver as C:\Users\massa\.cache\selenium\chromedriver\win64\127.0.6533.119\chromedriver.exe
2024-08-20 21:33:10.731  INFO 17220 --- [ null to remote] o.o.selenium.remote.ProtocolHandshake    : Detected dialect: W3C
2024-08-20 21:33:13.168  INFO 17220 --- [    Test worker] i.g.bonigarcia.wdm.WebDriverManager      : Using chromedriver 127.0.6533.119 (resolved driver for Chrome 127)
2024-08-20 21:33:13.177  INFO 17220 --- [    Test worker] i.g.bonigarcia.wdm.WebDriverManager      : Exporting webdriver.chrome.driver as C:\Users\massa\.cache\selenium\chromedriver\win64\127.0.6533.119\chromedriver.exe
2024-08-20 21:33:14.365  INFO 17220 --- [ null to remote] o.o.selenium.remote.ProtocolHandshake    : Detected dialect: W3C
2024-08-20 21:33:17.820  INFO 17220 --- [    Test worker] i.g.bonigarcia.wdm.WebDriverManager      : Using chromedriver 127.0.6533.119 (resolved driver for Chrome 127)
2024-08-20 21:33:17.830  INFO 17220 --- [    Test worker] i.g.bonigarcia.wdm.WebDriverManager      : Exporting webdriver.chrome.driver as C:\Users\massa\.cache\selenium\chromedriver\win64\127.0.6533.119\chromedriver.exe
2024-08-20 21:33:19.035  INFO 17220 --- [ null to remote] o.o.selenium.remote.ProtocolHandshake    : Detected dialect: W3C
2024-08-20 21:33:21.921  INFO 17220 --- [    Test worker] i.g.bonigarcia.wdm.WebDriverManager      : Using chromedriver 127.0.6533.119 (resolved driver for Chrome 127)
2024-08-20 21:33:21.934  INFO 17220 --- [    Test worker] i.g.bonigarcia.wdm.WebDriverManager      : Exporting webdriver.chrome.driver as C:\Users\massa\.cache\selenium\chromedriver\win64\127.0.6533.119\chromedriver.exe
2024-08-20 21:33:23.212  INFO 17220 --- [ null to remote] o.o.selenium.remote.ProtocolHandshake    : Detected dialect: W3C
2024-08-20 21:33:26.075  INFO 17220 --- [    Test worker] i.g.bonigarcia.wdm.WebDriverManager      : Using chromedriver 127.0.6533.119 (resolved driver for Chrome 127)
2024-08-20 21:33:26.090  INFO 17220 --- [    Test worker] i.g.bonigarcia.wdm.WebDriverManager      : Exporting webdriver.chrome.driver as C:\Users\massa\.cache\selenium\chromedriver\win64\127.0.6533.119\chromedriver.exe
2024-08-20 21:33:27.344  INFO 17220 --- [ null to remote] o.o.selenium.remote.ProtocolHandshake    : Detected dialect: W3C
2024-08-20 21:33:30.128  INFO 17220 --- [    Test worker] i.g.bonigarcia.wdm.WebDriverManager      : Using chromedriver 127.0.6533.119 (resolved driver for Chrome 127)
2024-08-20 21:33:30.140  INFO 17220 --- [    Test worker] i.g.bonigarcia.wdm.WebDriverManager      : Exporting webdriver.chrome.driver as C:\Users\massa\.cache\selenium\chromedriver\win64\127.0.6533.119\chromedriver.exe
2024-08-20 21:33:31.469  INFO 17220 --- [ null to remote] o.o.selenium.remote.ProtocolHandshake    : Detected dialect: W3C
2024-08-20 21:33:34.684  INFO 17220 --- [    Test worker] i.g.bonigarcia.wdm.WebDriverManager      : Using chromedriver 127.0.6533.119 (resolved driver for Chrome 127)
2024-08-20 21:33:34.694  INFO 17220 --- [    Test worker] i.g.bonigarcia.wdm.WebDriverManager      : Exporting webdriver.chrome.driver as C:\Users\massa\.cache\selenium\chromedriver\win64\127.0.6533.119\chromedriver.exe
2024-08-20 21:33:35.973  INFO 17220 --- [ null to remote] o.o.selenium.remote.ProtocolHandshake    : Detected dialect: W3C
2024-08-20 21:33:39.227  INFO 17220 --- [    Test worker] i.g.bonigarcia.wdm.WebDriverManager      : Using chromedriver 127.0.6533.119 (resolved driver for Chrome 127)
2024-08-20 21:33:39.239  INFO 17220 --- [    Test worker] i.g.bonigarcia.wdm.WebDriverManager      : Exporting webdriver.chrome.driver as C:\Users\massa\.cache\selenium\chromedriver\win64\127.0.6533.119\chromedriver.exe
2024-08-20 21:33:40.421  INFO 17220 --- [ null to remote] o.o.selenium.remote.ProtocolHandshake    : Detected dialect: W3C
2024-08-20 21:33:45.708  INFO 17220 --- [    Test worker] i.g.bonigarcia.wdm.WebDriverManager      : Using chromedriver 127.0.6533.119 (resolved driver for Chrome 127)
2024-08-20 21:33:45.719  INFO 17220 --- [    Test worker] i.g.bonigarcia.wdm.WebDriverManager      : Exporting webdriver.chrome.driver as C:\Users\massa\.cache\selenium\chromedriver\win64\127.0.6533.119\chromedriver.exe
2024-08-20 21:33:46.922  INFO 17220 --- [ null to remote] o.o.selenium.remote.ProtocolHandshake    : Detected dialect: W3C
2024-08-20 21:33:50.496  INFO 17220 --- [    Test worker] i.g.bonigarcia.wdm.WebDriverManager      : Using chromedriver 127.0.6533.119 (resolved driver for Chrome 127)
2024-08-20 21:33:50.509  INFO 17220 --- [    Test worker] i.g.bonigarcia.wdm.WebDriverManager      : Exporting webdriver.chrome.driver as C:\Users\massa\.cache\selenium\chromedriver\win64\127.0.6533.119\chromedriver.exe
2024-08-20 21:33:51.748  INFO 17220 --- [ null to remote] o.o.selenium.remote.ProtocolHandshake    : Detected dialect: W3C
2024-08-20 21:33:59.370  INFO 17220 --- [    Test worker] i.g.bonigarcia.wdm.WebDriverManager      : Using chromedriver 127.0.6533.119 (resolved driver for Chrome 127)
2024-08-20 21:33:59.381  INFO 17220 --- [    Test worker] i.g.bonigarcia.wdm.WebDriverManager      : Exporting webdriver.chrome.driver as C:\Users\massa\.cache\selenium\chromedriver\win64\127.0.6533.119\chromedriver.exe
2024-08-20 21:34:00.670  INFO 17220 --- [ null to remote] o.o.selenium.remote.ProtocolHandshake    : Detected dialect: W3C
2024-08-20 21:34:10.278  INFO 17220 --- [    Test worker] i.g.bonigarcia.wdm.WebDriverManager      : Using chromedriver 127.0.6533.119 (resolved driver for Chrome 127)
2024-08-20 21:34:10.288  INFO 17220 --- [    Test worker] i.g.bonigarcia.wdm.WebDriverManager      : Exporting webdriver.chrome.driver as C:\Users\massa\.cache\selenium\chromedriver\win64\127.0.6533.119\chromedriver.exe
2024-08-20 21:34:11.556  INFO 17220 --- [ null to remote] o.o.selenium.remote.ProtocolHandshake    : Detected dialect: W3C
2024-08-20 21:34:18.962  INFO 17220 --- [    Test worker] i.g.bonigarcia.wdm.WebDriverManager      : Using chromedriver 127.0.6533.119 (resolved driver for Chrome 127)
2024-08-20 21:34:18.973  INFO 17220 --- [    Test worker] i.g.bonigarcia.wdm.WebDriverManager      : Exporting webdriver.chrome.driver as C:\Users\massa\.cache\selenium\chromedriver\win64\127.0.6533.119\chromedriver.exe
2024-08-20 21:34:20.299  INFO 17220 --- [ null to remote] o.o.selenium.remote.ProtocolHandshake    : Detected dialect: W3C
2024-08-20 21:34:23.066  INFO 17220 --- [    Test worker] i.g.bonigarcia.wdm.WebDriverManager      : Using chromedriver 127.0.6533.119 (resolved driver for Chrome 127)
2024-08-20 21:34:23.078  INFO 17220 --- [    Test worker] i.g.bonigarcia.wdm.WebDriverManager      : Exporting webdriver.chrome.driver as C:\Users\massa\.cache\selenium\chromedriver\win64\127.0.6533.119\chromedriver.exe
2024-08-20 21:34:24.354  INFO 17220 --- [ null to remote] o.o.selenium.remote.ProtocolHandshake    : Detected dialect: W3C
2024-08-20 21:34:28.399  INFO 17220 --- [    Test worker] i.g.bonigarcia.wdm.WebDriverManager      : Using chromedriver 127.0.6533.119 (resolved driver for Chrome 127)
2024-08-20 21:34:28.412  INFO 17220 --- [    Test worker] i.g.bonigarcia.wdm.WebDriverManager      : Exporting webdriver.chrome.driver as C:\Users\massa\.cache\selenium\chromedriver\win64\127.0.6533.119\chromedriver.exe
2024-08-20 21:34:29.822  INFO 17220 --- [ null to remote] o.o.selenium.remote.ProtocolHandshake    : Detected dialect: W3C
2024-08-20 21:34:33.192  INFO 17220 --- [    Test worker] i.g.bonigarcia.wdm.WebDriverManager      : Using chromedriver 127.0.6533.119 (resolved driver for Chrome 127)
2024-08-20 21:34:33.203  INFO 17220 --- [    Test worker] i.g.bonigarcia.wdm.WebDriverManager      : Exporting webdriver.chrome.driver as C:\Users\massa\.cache\selenium\chromedriver\win64\127.0.6533.119\chromedriver.exe
2024-08-20 21:34:34.563  INFO 17220 --- [ null to remote] o.o.selenium.remote.ProtocolHandshake    : Detected dialect: W3C
2024-08-20 21:34:37.525  INFO 17220 --- [    Test worker] i.g.bonigarcia.wdm.WebDriverManager      : Using chromedriver 127.0.6533.119 (resolved driver for Chrome 127)
2024-08-20 21:34:37.539  INFO 17220 --- [    Test worker] i.g.bonigarcia.wdm.WebDriverManager      : Exporting webdriver.chrome.driver as C:\Users\massa\.cache\selenium\chromedriver\win64\127.0.6533.119\chromedriver.exe
2024-08-20 21:34:38.808  INFO 17220 --- [ null to remote] o.o.selenium.remote.ProtocolHandshake    : Detected dialect: W3C
2024-08-20 21:34:42.984  INFO 17220 --- [    Test worker] i.g.bonigarcia.wdm.WebDriverManager      : Using chromedriver 127.0.6533.119 (resolved driver for Chrome 127)
2024-08-20 21:34:43.002  INFO 17220 --- [    Test worker] i.g.bonigarcia.wdm.WebDriverManager      : Exporting webdriver.chrome.driver as C:\Users\massa\.cache\selenium\chromedriver\win64\127.0.6533.119\chromedriver.exe
2024-08-20 21:34:44.383  INFO 17220 --- [ null to remote] o.o.selenium.remote.ProtocolHandshake    : Detected dialect: W3C
2024-08-20 21:34:48.020  INFO 17220 --- [    Test worker] i.g.bonigarcia.wdm.WebDriverManager      : Using chromedriver 127.0.6533.119 (resolved driver for Chrome 127)
2024-08-20 21:34:48.036  INFO 17220 --- [    Test worker] i.g.bonigarcia.wdm.WebDriverManager      : Exporting webdriver.chrome.driver as C:\Users\massa\.cache\selenium\chromedriver\win64\127.0.6533.119\chromedriver.exe
2024-08-20 21:34:49.500  INFO 17220 --- [ null to remote] o.o.selenium.remote.ProtocolHandshake    : Detected dialect: W3C
2024-08-20 21:34:52.954  INFO 17220 --- [    Test worker] i.g.bonigarcia.wdm.WebDriverManager      : Using chromedriver 127.0.6533.119 (resolved driver for Chrome 127)
2024-08-20 21:34:52.969  INFO 17220 --- [    Test worker] i.g.bonigarcia.wdm.WebDriverManager      : Exporting webdriver.chrome.driver as C:\Users\massa\.cache\selenium\chromedriver\win64\127.0.6533.119\chromedriver.exe
2024-08-20 21:34:54.269  INFO 17220 --- [ null to remote] o.o.selenium.remote.ProtocolHandshake    : Detected dialect: W3C
2024-08-20 21:34:57.521  INFO 17220 --- [    Test worker] i.g.bonigarcia.wdm.WebDriverManager      : Using chromedriver 127.0.6533.119 (resolved driver for Chrome 127)
2024-08-20 21:34:57.533  INFO 17220 --- [    Test worker] i.g.bonigarcia.wdm.WebDriverManager      : Exporting webdriver.chrome.driver as C:\Users\massa\.cache\selenium\chromedriver\win64\127.0.6533.119\chromedriver.exe
2024-08-20 21:34:58.926  INFO 17220 --- [ null to remote] o.o.selenium.remote.ProtocolHandshake    : Detected dialect: W3C
2024-08-20 21:35:02.467  INFO 17220 --- [    Test worker] i.g.bonigarcia.wdm.WebDriverManager      : Using chromedriver 127.0.6533.119 (resolved driver for Chrome 127)
2024-08-20 21:35:02.479  INFO 17220 --- [    Test worker] i.g.bonigarcia.wdm.WebDriverManager      : Exporting webdriver.chrome.driver as C:\Users\massa\.cache\selenium\chromedriver\win64\127.0.6533.119\chromedriver.exe
2024-08-20 21:35:03.950  INFO 17220 --- [ null to remote] o.o.selenium.remote.ProtocolHandshake    : Detected dialect: W3C
2024-08-20 21:35:07.608  INFO 17220 --- [    Test worker] i.g.bonigarcia.wdm.WebDriverManager      : Using chromedriver 127.0.6533.119 (resolved driver for Chrome 127)
2024-08-20 21:35:07.624  INFO 17220 --- [    Test worker] i.g.bonigarcia.wdm.WebDriverManager      : Exporting webdriver.chrome.driver as C:\Users\massa\.cache\selenium\chromedriver\win64\127.0.6533.119\chromedriver.exe
2024-08-20 21:35:09.113  INFO 17220 --- [ null to remote] o.o.selenium.remote.ProtocolHandshake    : Detected dialect: W3C
2024-08-20 21:35:12.634  INFO 17220 --- [    Test worker] i.g.bonigarcia.wdm.WebDriverManager      : Using chromedriver 127.0.6533.119 (resolved driver for Chrome 127)
2024-08-20 21:35:12.650  INFO 17220 --- [    Test worker] i.g.bonigarcia.wdm.WebDriverManager      : Exporting webdriver.chrome.driver as C:\Users\massa\.cache\selenium\chromedriver\win64\127.0.6533.119\chromedriver.exe
2024-08-20 21:35:14.180  INFO 17220 --- [ null to remote] o.o.selenium.remote.ProtocolHandshake    : Detected dialect: W3C
2024-08-20 21:35:17.749  INFO 17220 --- [    Test worker] i.g.bonigarcia.wdm.WebDriverManager      : Using chromedriver 127.0.6533.119 (resolved driver for Chrome 127)
2024-08-20 21:35:17.762  INFO 17220 --- [    Test worker] i.g.bonigarcia.wdm.WebDriverManager      : Exporting webdriver.chrome.driver as C:\Users\massa\.cache\selenium\chromedriver\win64\127.0.6533.119\chromedriver.exe
2024-08-20 21:35:18.894  INFO 17220 --- [ null to remote] o.o.selenium.remote.ProtocolHandshake    : Detected dialect: W3C
2024-08-20 21:35:21.627  INFO 17220 --- [    Test worker] i.g.bonigarcia.wdm.WebDriverManager      : Using chromedriver 127.0.6533.119 (resolved driver for Chrome 127)
2024-08-20 21:35:21.637  INFO 17220 --- [    Test worker] i.g.bonigarcia.wdm.WebDriverManager      : Exporting webdriver.chrome.driver as C:\Users\massa\.cache\selenium\chromedriver\win64\127.0.6533.119\chromedriver.exe
2024-08-20 21:35:22.790  INFO 17220 --- [ null to remote] o.o.selenium.remote.ProtocolHandshake    : Detected dialect: W3C
2024-08-20 21:35:26.389  INFO 17220 --- [    Test worker] i.g.bonigarcia.wdm.WebDriverManager      : Using chromedriver 127.0.6533.119 (resolved driver for Chrome 127)
2024-08-20 21:35:26.401  INFO 17220 --- [    Test worker] i.g.bonigarcia.wdm.WebDriverManager      : Exporting webdriver.chrome.driver as C:\Users\massa\.cache\selenium\chromedriver\win64\127.0.6533.119\chromedriver.exe
2024-08-20 21:35:27.714  INFO 17220 --- [ null to remote] o.o.selenium.remote.ProtocolHandshake    : Detected dialect: W3C
]]></system-out>
  <system-err><![CDATA[Starting ChromeDriver 127.0.6533.119 (bdef6783a05f0b3f885591e7d2c7b2aec1a89dea-refs/branch-heads/6533@{#1999}) on port 31049
Only local connections are allowed.
Please see https://chromedriver.chromium.org/security-considerations for suggestions on keeping ChromeDriver safe.
ChromeDriver was started successfully.
Starting ChromeDriver 127.0.6533.119 (bdef6783a05f0b3f885591e7d2c7b2aec1a89dea-refs/branch-heads/6533@{#1999}) on port 8487
Only local connections are allowed.
Please see https://chromedriver.chromium.org/security-considerations for suggestions on keeping ChromeDriver safe.
ChromeDriver was started successfully.
Starting ChromeDriver 127.0.6533.119 (bdef6783a05f0b3f885591e7d2c7b2aec1a89dea-refs/branch-heads/6533@{#1999}) on port 18162
Only local connections are allowed.
Please see https://chromedriver.chromium.org/security-considerations for suggestions on keeping ChromeDriver safe.
ChromeDriver was started successfully.
Starting ChromeDriver 127.0.6533.119 (bdef6783a05f0b3f885591e7d2c7b2aec1a89dea-refs/branch-heads/6533@{#1999}) on port 44595
Only local connections are allowed.
Please see https://chromedriver.chromium.org/security-considerations for suggestions on keeping ChromeDriver safe.
ChromeDriver was started successfully.
Starting ChromeDriver 127.0.6533.119 (bdef6783a05f0b3f885591e7d2c7b2aec1a89dea-refs/branch-heads/6533@{#1999}) on port 35908
Only local connections are allowed.
Please see https://chromedriver.chromium.org/security-considerations for suggestions on keeping ChromeDriver safe.
ChromeDriver was started successfully.
Starting ChromeDriver 127.0.6533.119 (bdef6783a05f0b3f885591e7d2c7b2aec1a89dea-refs/branch-heads/6533@{#1999}) on port 14375
Only local connections are allowed.
Please see https://chromedriver.chromium.org/security-considerations for suggestions on keeping ChromeDriver safe.
ChromeDriver was started successfully.
Starting ChromeDriver 127.0.6533.119 (bdef6783a05f0b3f885591e7d2c7b2aec1a89dea-refs/branch-heads/6533@{#1999}) on port 27263
Only local connections are allowed.
Please see https://chromedriver.chromium.org/security-considerations for suggestions on keeping ChromeDriver safe.
ChromeDriver was started successfully.
Starting ChromeDriver 127.0.6533.119 (bdef6783a05f0b3f885591e7d2c7b2aec1a89dea-refs/branch-heads/6533@{#1999}) on port 18284
Only local connections are allowed.
Please see https://chromedriver.chromium.org/security-considerations for suggestions on keeping ChromeDriver safe.
ChromeDriver was started successfully.
Starting ChromeDriver 127.0.6533.119 (bdef6783a05f0b3f885591e7d2c7b2aec1a89dea-refs/branch-heads/6533@{#1999}) on port 47917
Only local connections are allowed.
Please see https://chromedriver.chromium.org/security-considerations for suggestions on keeping ChromeDriver safe.
ChromeDriver was started successfully.
Starting ChromeDriver 127.0.6533.119 (bdef6783a05f0b3f885591e7d2c7b2aec1a89dea-refs/branch-heads/6533@{#1999}) on port 35645
Only local connections are allowed.
Please see https://chromedriver.chromium.org/security-considerations for suggestions on keeping ChromeDriver safe.
ChromeDriver was started successfully.
Starting ChromeDriver 127.0.6533.119 (bdef6783a05f0b3f885591e7d2c7b2aec1a89dea-refs/branch-heads/6533@{#1999}) on port 1625
Only local connections are allowed.
Please see https://chromedriver.chromium.org/security-considerations for suggestions on keeping ChromeDriver safe.
ChromeDriver was started successfully.
Starting ChromeDriver 127.0.6533.119 (bdef6783a05f0b3f885591e7d2c7b2aec1a89dea-refs/branch-heads/6533@{#1999}) on port 33104
Only local connections are allowed.
Please see https://chromedriver.chromium.org/security-considerations for suggestions on keeping ChromeDriver safe.
ChromeDriver was started successfully.
Starting ChromeDriver 127.0.6533.119 (bdef6783a05f0b3f885591e7d2c7b2aec1a89dea-refs/branch-heads/6533@{#1999}) on port 30805
Only local connections are allowed.
Please see https://chromedriver.chromium.org/security-considerations for suggestions on keeping ChromeDriver safe.
ChromeDriver was started successfully.
Starting ChromeDriver 127.0.6533.119 (bdef6783a05f0b3f885591e7d2c7b2aec1a89dea-refs/branch-heads/6533@{#1999}) on port 34685
Only local connections are allowed.
Please see https://chromedriver.chromium.org/security-considerations for suggestions on keeping ChromeDriver safe.
ChromeDriver was started successfully.
Starting ChromeDriver 127.0.6533.119 (bdef6783a05f0b3f885591e7d2c7b2aec1a89dea-refs/branch-heads/6533@{#1999}) on port 10090
Only local connections are allowed.
Please see https://chromedriver.chromium.org/security-considerations for suggestions on keeping ChromeDriver safe.
ChromeDriver was started successfully.
Starting ChromeDriver 127.0.6533.119 (bdef6783a05f0b3f885591e7d2c7b2aec1a89dea-refs/branch-heads/6533@{#1999}) on port 25402
Only local connections are allowed.
Please see https://chromedriver.chromium.org/security-considerations for suggestions on keeping ChromeDriver safe.
ChromeDriver was started successfully.
Starting ChromeDriver 127.0.6533.119 (bdef6783a05f0b3f885591e7d2c7b2aec1a89dea-refs/branch-heads/6533@{#1999}) on port 47899
Only local connections are allowed.
Please see https://chromedriver.chromium.org/security-considerations for suggestions on keeping ChromeDriver safe.
ChromeDriver was started successfully.
Starting ChromeDriver 127.0.6533.119 (bdef6783a05f0b3f885591e7d2c7b2aec1a89dea-refs/branch-heads/6533@{#1999}) on port 42210
Only local connections are allowed.
Please see https://chromedriver.chromium.org/security-considerations for suggestions on keeping ChromeDriver safe.
ChromeDriver was started successfully.
Starting ChromeDriver 127.0.6533.119 (bdef6783a05f0b3f885591e7d2c7b2aec1a89dea-refs/branch-heads/6533@{#1999}) on port 45287
Only local connections are allowed.
Please see https://chromedriver.chromium.org/security-considerations for suggestions on keeping ChromeDriver safe.
ChromeDriver was started successfully.
Starting ChromeDriver 127.0.6533.119 (bdef6783a05f0b3f885591e7d2c7b2aec1a89dea-refs/branch-heads/6533@{#1999}) on port 27802
Only local connections are allowed.
Please see https://chromedriver.chromium.org/security-considerations for suggestions on keeping ChromeDriver safe.
ChromeDriver was started successfully.
Starting ChromeDriver 127.0.6533.119 (bdef6783a05f0b3f885591e7d2c7b2aec1a89dea-refs/branch-heads/6533@{#1999}) on port 14691
Only local connections are allowed.
Please see https://chromedriver.chromium.org/security-considerations for suggestions on keeping ChromeDriver safe.
ChromeDriver was started successfully.
Starting ChromeDriver 127.0.6533.119 (bdef6783a05f0b3f885591e7d2c7b2aec1a89dea-refs/branch-heads/6533@{#1999}) on port 36314
Only local connections are allowed.
Please see https://chromedriver.chromium.org/security-considerations for suggestions on keeping ChromeDriver safe.
ChromeDriver was started successfully.
Starting ChromeDriver 127.0.6533.119 (bdef6783a05f0b3f885591e7d2c7b2aec1a89dea-refs/branch-heads/6533@{#1999}) on port 26888
Only local connections are allowed.
Please see https://chromedriver.chromium.org/security-considerations for suggestions on keeping ChromeDriver safe.
ChromeDriver was started successfully.
Starting ChromeDriver 127.0.6533.119 (bdef6783a05f0b3f885591e7d2c7b2aec1a89dea-refs/branch-heads/6533@{#1999}) on port 37978
Only local connections are allowed.
Please see https://chromedriver.chromium.org/security-considerations for suggestions on keeping ChromeDriver safe.
ChromeDriver was started successfully.
Starting ChromeDriver 127.0.6533.119 (bdef6783a05f0b3f885591e7d2c7b2aec1a89dea-refs/branch-heads/6533@{#1999}) on port 39398
Only local connections are allowed.
Please see https://chromedriver.chromium.org/security-considerations for suggestions on keeping ChromeDriver safe.
ChromeDriver was started successfully.
Starting ChromeDriver 127.0.6533.119 (bdef6783a05f0b3f885591e7d2c7b2aec1a89dea-refs/branch-heads/6533@{#1999}) on port 19492
Only local connections are allowed.
Please see https://chromedriver.chromium.org/security-considerations for suggestions on keeping ChromeDriver safe.
ChromeDriver was started successfully.
Starting ChromeDriver 127.0.6533.119 (bdef6783a05f0b3f885591e7d2c7b2aec1a89dea-refs/branch-heads/6533@{#1999}) on port 25991
Only local connections are allowed.
Please see https://chromedriver.chromium.org/security-considerations for suggestions on keeping ChromeDriver safe.
ChromeDriver was started successfully.
Starting ChromeDriver 127.0.6533.119 (bdef6783a05f0b3f885591e7d2c7b2aec1a89dea-refs/branch-heads/6533@{#1999}) on port 7389
Only local connections are allowed.
Please see https://chromedriver.chromium.org/security-considerations for suggestions on keeping ChromeDriver safe.
ChromeDriver was started successfully.
Starting ChromeDriver 127.0.6533.119 (bdef6783a05f0b3f885591e7d2c7b2aec1a89dea-refs/branch-heads/6533@{#1999}) on port 34976
Only local connections are allowed.
Please see https://chromedriver.chromium.org/security-considerations for suggestions on keeping ChromeDriver safe.
ChromeDriver was started successfully.
Starting ChromeDriver 127.0.6533.119 (bdef6783a05f0b3f885591e7d2c7b2aec1a89dea-refs/branch-heads/6533@{#1999}) on port 5340
Only local connections are allowed.
Please see https://chromedriver.chromium.org/security-considerations for suggestions on keeping ChromeDriver safe.
ChromeDriver was started successfully.
]]></system-err>
</testsuite>
