<?xml version="1.0" encoding="UTF-8"?>
<testsuite name="demo.TeleportHQTest" tests="30" skipped="0" failures="0" errors="0" timestamp="2024-09-09T16:42:27" hostname="LAPTOP-95RP200R" time="109.55">
  <properties/>
  <testcase name="notificationEditAdminTest" classname="demo.TeleportHQTest" time="5.565"/>
  <testcase name="chatCommunicationBreadCrumbAdminTest" classname="demo.TeleportHQTest" time="3.552"/>
  <testcase name="UserDetailBreadCrumbAdminTest" classname="demo.TeleportHQTest" time="3.395"/>
  <testcase name="UserDetailSideMenuAdminTest" classname="demo.TeleportHQTest" time="3.388"/>
  <testcase name="textEditAdminTest" classname="demo.TeleportHQTest" time="3.627"/>
  <testcase name="textTabAdminTest" classname="demo.TeleportHQTest" time="3.424"/>
  <testcase name="communicationDetailSideMenuBankTest" classname="demo.TeleportHQTest" time="3.098"/>
  <testcase name="acknowledgmentEditAdminTest" classname="demo.TeleportHQTest" time="3.975"/>
  <testcase name="communicationForwardBankTest" classname="demo.TeleportHQTest" time="4.51"/>
  <testcase name="chatCommunicationSideMenuAdminTest" classname="demo.TeleportHQTest" time="3.641"/>
  <testcase name="UserEditAdminTest" classname="demo.TeleportHQTest" time="3.599"/>
  <testcase name="communicationCreateSideMenuAdminTest" classname="demo.TeleportHQTest" time="3.397"/>
  <testcase name="groupsTabAdminTest" classname="demo.TeleportHQTest" time="3.356"/>
  <testcase name="signatureEditAdminTest" classname="demo.TeleportHQTest" time="3.533"/>
  <testcase name="configurationAdminTest" classname="demo.TeleportHQTest" time="3.49"/>
  <testcase name="communicationAnswerBankTest" classname="demo.TeleportHQTest" time="4.104"/>
  <testcase name="groupCreateAdminTest" classname="demo.TeleportHQTest" time="3.793"/>
  <testcase name="communicationCreateAdminTest" classname="demo.TeleportHQTest" time="3.463"/>
  <testcase name="communicationCreateBreadCrumbAdminTest" classname="demo.TeleportHQTest" time="3.383"/>
  <testcase name="groupDetailAdminTest" classname="demo.TeleportHQTest" time="3.547"/>
  <testcase name="notificationCreateAdminTest" classname="demo.TeleportHQTest" time="3.499"/>
  <testcase name="notificationTabAdminTest" classname="demo.TeleportHQTest" time="3.351"/>
  <testcase name="groupEditAdminTest" classname="demo.TeleportHQTest" time="3.754"/>
  <testcase name="UserCreateAdminTest" classname="demo.TeleportHQTest" time="3.542"/>
  <testcase name="signatureCreateAdminTest" classname="demo.TeleportHQTest" time="3.512"/>
  <testcase name="signatureTabAdminTest" classname="demo.TeleportHQTest" time="3.631"/>
  <testcase name="addressBookEditBankTest" classname="demo.TeleportHQTest" time="3.45"/>
  <testcase name="notificationDetailAdminTest" classname="demo.TeleportHQTest" time="3.658"/>
  <testcase name="addressBookCreateBankTest" classname="demo.TeleportHQTest" time="3.437"/>
  <testcase name="communicationDetailBreadCrumbBankTest" classname="demo.TeleportHQTest" time="3.874"/>
  <system-out><![CDATA[18:42:22.039 [Test worker] DEBUG org.springframework.test.context.junit4.SpringJUnit4ClassRunner - SpringJUnit4ClassRunner constructor called with [class demo.TeleportHQTest]
18:42:22.049 [Test worker] DEBUG org.springframework.test.context.BootstrapUtils - Instantiating CacheAwareContextLoaderDelegate from class [org.springframework.test.context.cache.DefaultCacheAwareContextLoaderDelegate]
18:42:22.063 [Test worker] DEBUG org.springframework.test.context.BootstrapUtils - Instantiating BootstrapContext using constructor [public org.springframework.test.context.support.DefaultBootstrapContext(java.lang.Class,org.springframework.test.context.CacheAwareContextLoaderDelegate)]
18:42:22.107 [Test worker] DEBUG org.springframework.test.context.BootstrapUtils - Instantiating TestContextBootstrapper for test class [demo.TeleportHQTest] from class [org.springframework.boot.test.context.SpringBootTestContextBootstrapper]
18:42:22.135 [Test worker] INFO org.springframework.boot.test.context.SpringBootTestContextBootstrapper - Neither @ContextConfiguration nor @ContextHierarchy found for test class [demo.TeleportHQTest], using SpringBootContextLoader
18:42:22.141 [Test worker] DEBUG org.springframework.test.context.support.AbstractContextLoader - Did not detect default resource location for test class [demo.TeleportHQTest]: class path resource [demo/TeleportHQTest-context.xml] does not exist
18:42:22.142 [Test worker] DEBUG org.springframework.test.context.support.AbstractContextLoader - Did not detect default resource location for test class [demo.TeleportHQTest]: class path resource [demo/TeleportHQTestContext.groovy] does not exist
18:42:22.142 [Test worker] INFO org.springframework.test.context.support.AbstractContextLoader - Could not detect default resource locations for test class [demo.TeleportHQTest]: no resource found for suffixes {-context.xml, Context.groovy}.
18:42:22.143 [Test worker] INFO org.springframework.test.context.support.AnnotationConfigContextLoaderUtils - Could not detect default configuration classes for test class [demo.TeleportHQTest]: TeleportHQTest does not declare any static, non-private, non-final, nested classes annotated with @Configuration.
18:42:22.197 [Test worker] DEBUG org.springframework.test.context.support.ActiveProfilesUtils - Could not find an 'annotation declaring class' for annotation type [org.springframework.test.context.ActiveProfiles] and class [demo.TeleportHQTest]
18:42:22.278 [Test worker] DEBUG org.springframework.context.annotation.ClassPathScanningCandidateComponentProvider - Identified candidate component class: file [C:\Users\massa\Desktop\gitProjects\SeleniumTest\build\classes\java\main\demo\ServingWebContentApplication.class]
18:42:22.279 [Test worker] INFO org.springframework.boot.test.context.SpringBootTestContextBootstrapper - Found @SpringBootConfiguration demo.ServingWebContentApplication for test class demo.TeleportHQTest
18:42:22.401 [Test worker] DEBUG org.springframework.boot.test.context.SpringBootTestContextBootstrapper - @TestExecutionListeners is not present for class [demo.TeleportHQTest]: using defaults.
18:42:22.402 [Test worker] INFO org.springframework.boot.test.context.SpringBootTestContextBootstrapper - Loaded default TestExecutionListener class names from location [META-INF/spring.factories]: [org.springframework.boot.test.autoconfigure.restdocs.RestDocsTestExecutionListener, org.springframework.boot.test.autoconfigure.web.client.MockRestServiceServerResetTestExecutionListener, org.springframework.boot.test.autoconfigure.web.servlet.MockMvcPrintOnlyOnFailureTestExecutionListener, org.springframework.boot.test.autoconfigure.web.servlet.WebDriverTestExecutionListener, org.springframework.boot.test.autoconfigure.webservices.client.MockWebServiceServerTestExecutionListener, org.springframework.boot.test.mock.mockito.MockitoTestExecutionListener, org.springframework.boot.test.mock.mockito.ResetMocksTestExecutionListener, org.springframework.test.context.web.ServletTestExecutionListener, org.springframework.test.context.support.DirtiesContextBeforeModesTestExecutionListener, org.springframework.test.context.support.DependencyInjectionTestExecutionListener, org.springframework.test.context.support.DirtiesContextTestExecutionListener, org.springframework.test.context.transaction.TransactionalTestExecutionListener, org.springframework.test.context.jdbc.SqlScriptsTestExecutionListener, org.springframework.test.context.event.EventPublishingTestExecutionListener]
18:42:22.422 [Test worker] INFO org.springframework.boot.test.context.SpringBootTestContextBootstrapper - Using TestExecutionListeners: [org.springframework.test.context.web.ServletTestExecutionListener@8692d67, org.springframework.test.context.support.DirtiesContextBeforeModesTestExecutionListener@78f5c518, org.springframework.boot.test.mock.mockito.MockitoTestExecutionListener@2f48b3d2, org.springframework.boot.test.autoconfigure.SpringBootDependencyInjectionTestExecutionListener@34f7234e, org.springframework.test.context.support.DirtiesContextTestExecutionListener@753432a2, org.springframework.test.context.transaction.TransactionalTestExecutionListener@23bff419, org.springframework.test.context.jdbc.SqlScriptsTestExecutionListener@4983159f, org.springframework.test.context.event.EventPublishingTestExecutionListener@44e3a2b2, org.springframework.boot.test.autoconfigure.restdocs.RestDocsTestExecutionListener@101639ae, org.springframework.boot.test.autoconfigure.web.client.MockRestServiceServerResetTestExecutionListener@4c550889, org.springframework.boot.test.autoconfigure.web.servlet.MockMvcPrintOnlyOnFailureTestExecutionListener@1d2bd371, org.springframework.boot.test.autoconfigure.web.servlet.WebDriverTestExecutionListener@44040454, org.springframework.boot.test.autoconfigure.webservices.client.MockWebServiceServerTestExecutionListener@65fe9e33, org.springframework.boot.test.mock.mockito.ResetMocksTestExecutionListener@18bc345]
18:42:22.424 [Test worker] DEBUG org.springframework.test.annotation.ProfileValueUtils - Retrieved @ProfileValueSourceConfiguration [null] for test class [demo.TeleportHQTest]
18:42:22.425 [Test worker] DEBUG org.springframework.test.annotation.ProfileValueUtils - Retrieved ProfileValueSource type [class org.springframework.test.annotation.SystemProfileValueSource] for class [demo.TeleportHQTest]
18:42:22.429 [Test worker] DEBUG org.springframework.test.annotation.ProfileValueUtils - Retrieved @ProfileValueSourceConfiguration [null] for test class [demo.TeleportHQTest]
18:42:22.430 [Test worker] DEBUG org.springframework.test.annotation.ProfileValueUtils - Retrieved ProfileValueSource type [class org.springframework.test.annotation.SystemProfileValueSource] for class [demo.TeleportHQTest]
18:42:22.431 [Test worker] DEBUG org.springframework.test.annotation.ProfileValueUtils - Retrieved @ProfileValueSourceConfiguration [null] for test class [demo.TeleportHQTest]
18:42:22.432 [Test worker] DEBUG org.springframework.test.annotation.ProfileValueUtils - Retrieved ProfileValueSource type [class org.springframework.test.annotation.SystemProfileValueSource] for class [demo.TeleportHQTest]
18:42:22.434 [Test worker] DEBUG org.springframework.test.annotation.ProfileValueUtils - Retrieved @ProfileValueSourceConfiguration [null] for test class [demo.TeleportHQTest]
18:42:22.434 [Test worker] DEBUG org.springframework.test.annotation.ProfileValueUtils - Retrieved ProfileValueSource type [class org.springframework.test.annotation.SystemProfileValueSource] for class [demo.TeleportHQTest]
18:42:22.435 [Test worker] DEBUG org.springframework.test.annotation.ProfileValueUtils - Retrieved @ProfileValueSourceConfiguration [null] for test class [demo.TeleportHQTest]
18:42:22.435 [Test worker] DEBUG org.springframework.test.annotation.ProfileValueUtils - Retrieved ProfileValueSource type [class org.springframework.test.annotation.SystemProfileValueSource] for class [demo.TeleportHQTest]
18:42:22.444 [Test worker] DEBUG org.springframework.test.context.support.AbstractDirtiesContextTestExecutionListener - Before test class: context [DefaultTestContext@6b98a075 testClass = TeleportHQTest, testInstance = [null], testMethod = [null], testException = [null], mergedContextConfiguration = [WebMergedContextConfiguration@2e61d218 testClass = TeleportHQTest, locations = '{}', classes = '{class demo.ServingWebContentApplication}', contextInitializerClasses = '[]', activeProfiles = '{}', propertySourceLocations = '{}', propertySourceProperties = '{org.springframework.boot.test.context.SpringBootTestContextBootstrapper=true}', contextCustomizers = set[org.springframework.boot.test.autoconfigure.properties.PropertyMappingContextCustomizer@0, org.springframework.boot.test.autoconfigure.web.servlet.WebDriverContextCustomizerFactory$Customizer@51bf5add, org.springframework.boot.test.context.filter.ExcludeFilterContextCustomizer@51bd8b5c, org.springframework.boot.test.json.DuplicateJsonObjectContextCustomizerFactory$DuplicateJsonObjectContextCustomizer@2462cb01, org.springframework.boot.test.mock.mockito.MockitoContextCustomizer@0, org.springframework.boot.test.web.client.TestRestTemplateContextCustomizer@34b9f960, org.springframework.boot.test.context.SpringBootTestArgs@1], resourceBasePath = 'src/main/webapp', contextLoader = 'org.springframework.boot.test.context.SpringBootContextLoader', parent = [null]], attributes = map['org.springframework.test.context.web.ServletTestExecutionListener.activateListener' -> false]], class annotated with @DirtiesContext [false] with mode [null].
18:42:22.447 [Test worker] DEBUG org.springframework.test.annotation.ProfileValueUtils - Retrieved @ProfileValueSourceConfiguration [null] for test class [demo.TeleportHQTest]
18:42:22.447 [Test worker] DEBUG org.springframework.test.annotation.ProfileValueUtils - Retrieved ProfileValueSource type [class org.springframework.test.annotation.SystemProfileValueSource] for class [demo.TeleportHQTest]
18:42:22.452 [Test worker] DEBUG org.springframework.test.context.support.DependencyInjectionTestExecutionListener - Performing dependency injection for test context [[DefaultTestContext@6b98a075 testClass = TeleportHQTest, testInstance = demo.TeleportHQTest@78365cfa, testMethod = [null], testException = [null], mergedContextConfiguration = [WebMergedContextConfiguration@2e61d218 testClass = TeleportHQTest, locations = '{}', classes = '{class demo.ServingWebContentApplication}', contextInitializerClasses = '[]', activeProfiles = '{}', propertySourceLocations = '{}', propertySourceProperties = '{org.springframework.boot.test.context.SpringBootTestContextBootstrapper=true}', contextCustomizers = set[org.springframework.boot.test.autoconfigure.properties.PropertyMappingContextCustomizer@0, org.springframework.boot.test.autoconfigure.web.servlet.WebDriverContextCustomizerFactory$Customizer@51bf5add, org.springframework.boot.test.context.filter.ExcludeFilterContextCustomizer@51bd8b5c, org.springframework.boot.test.json.DuplicateJsonObjectContextCustomizerFactory$DuplicateJsonObjectContextCustomizer@2462cb01, org.springframework.boot.test.mock.mockito.MockitoContextCustomizer@0, org.springframework.boot.test.web.client.TestRestTemplateContextCustomizer@34b9f960, org.springframework.boot.test.context.SpringBootTestArgs@1], resourceBasePath = 'src/main/webapp', contextLoader = 'org.springframework.boot.test.context.SpringBootContextLoader', parent = [null]], attributes = map['org.springframework.test.context.web.ServletTestExecutionListener.activateListener' -> false]]].
18:42:22.479 [Test worker] DEBUG org.springframework.test.context.support.TestPropertySourceUtils - Adding inlined properties to environment: {spring.jmx.enabled=false, org.springframework.boot.test.context.SpringBootTestContextBootstrapper=true}

  .   ____          _            __ _ _
 /\\ / ___'_ __ _ _(_)_ __  __ _ \ \ \ \
( ( )\___ | '_ | '_| | '_ \/ _` | \ \ \ \
 \\/  ___)| |_)| | | | | || (_| |  ) ) ) )
  '  |____| .__|_| |_|_| |_\__, | / / / /
 =========|_|==============|___/=/_/_/_/
 :: Spring Boot ::        (v2.3.2.RELEASE)

2024-09-09 18:42:22.828  INFO 21676 --- [    Test worker] demo.TeleportHQTest                      : Starting TeleportHQTest on LAPTOP-95RP200R with PID 21676 (started by massa in C:\Users\massa\Desktop\gitProjects\SeleniumTest)
2024-09-09 18:42:22.830  INFO 21676 --- [    Test worker] demo.TeleportHQTest                      : No active profile set, falling back to default profiles: default
2024-09-09 18:42:23.559  INFO 21676 --- [    Test worker] .s.d.r.c.RepositoryConfigurationDelegate : Bootstrapping Spring Data JPA repositories in DEFERRED mode.
2024-09-09 18:42:23.587  INFO 21676 --- [    Test worker] .s.d.r.c.RepositoryConfigurationDelegate : Finished Spring Data repository scanning in 17ms. Found 0 JPA repository interfaces.
2024-09-09 18:42:24.397  INFO 21676 --- [    Test worker] o.s.b.w.embedded.tomcat.TomcatWebServer  : Tomcat initialized with port(s): 8080 (http)
2024-09-09 18:42:24.408  INFO 21676 --- [    Test worker] o.apache.catalina.core.StandardService   : Starting service [Tomcat]
2024-09-09 18:42:24.408  INFO 21676 --- [    Test worker] org.apache.catalina.core.StandardEngine  : Starting Servlet engine: [Apache Tomcat/9.0.37]
2024-09-09 18:42:24.608  INFO 21676 --- [    Test worker] o.a.c.c.C.[Tomcat].[localhost].[/]       : Initializing Spring embedded WebApplicationContext
2024-09-09 18:42:24.608  INFO 21676 --- [    Test worker] w.s.c.ServletWebServerApplicationContext : Root WebApplicationContext: initialization completed in 1745 ms
2024-09-09 18:42:24.972  INFO 21676 --- [    Test worker] o.s.s.concurrent.ThreadPoolTaskExecutor  : Initializing ExecutorService 'applicationTaskExecutor'
2024-09-09 18:42:24.995  INFO 21676 --- [    Test worker] com.zaxxer.hikari.HikariDataSource       : HikariPool-1 - Starting...
2024-09-09 18:42:25.200  INFO 21676 --- [    Test worker] com.zaxxer.hikari.HikariDataSource       : HikariPool-1 - Start completed.
2024-09-09 18:42:25.318  INFO 21676 --- [         task-1] o.hibernate.jpa.internal.util.LogHelper  : HHH000204: Processing PersistenceUnitInfo [name: default]
2024-09-09 18:42:25.400  WARN 21676 --- [    Test worker] JpaBaseConfiguration$JpaWebConfiguration : spring.jpa.open-in-view is enabled by default. Therefore, database queries may be performed during view rendering. Explicitly configure spring.jpa.open-in-view to disable this warning
2024-09-09 18:42:25.422  INFO 21676 --- [         task-1] org.hibernate.Version                    : HHH000412: Hibernate ORM core version 5.4.18.Final
2024-09-09 18:42:25.695  INFO 21676 --- [         task-1] o.hibernate.annotations.common.Version   : HCANN000001: Hibernate Commons Annotations {5.1.0.Final}
2024-09-09 18:42:26.249  INFO 21676 --- [         task-1] org.hibernate.dialect.Dialect            : HHH000400: Using dialect: org.hibernate.dialect.H2Dialect
2024-09-09 18:42:26.927  INFO 21676 --- [         task-1] o.h.e.t.j.p.i.JtaPlatformInitiator       : HHH000490: Using JtaPlatform implementation: [org.hibernate.engine.transaction.jta.platform.internal.NoJtaPlatform]
2024-09-09 18:42:26.945  INFO 21676 --- [         task-1] j.LocalContainerEntityManagerFactoryBean : Initialized JPA EntityManagerFactory for persistence unit 'default'
2024-09-09 18:42:27.462  INFO 21676 --- [    Test worker] o.s.b.w.embedded.tomcat.TomcatWebServer  : Tomcat started on port(s): 8080 (http) with context path ''
2024-09-09 18:42:27.464  INFO 21676 --- [    Test worker] DeferredRepositoryInitializationListener : Triggering deferred initialization of Spring Data repositories…
2024-09-09 18:42:27.465  INFO 21676 --- [    Test worker] DeferredRepositoryInitializationListener : Spring Data repositories initialized!
2024-09-09 18:42:27.484  INFO 21676 --- [    Test worker] demo.TeleportHQTest                      : Started TeleportHQTest in 5.0 seconds (JVM running for 6.422)
2024-09-09 18:42:28.387  INFO 21676 --- [    Test worker] i.g.bonigarcia.wdm.WebDriverManager      : Using chromedriver 128.0.6613.119 (resolved driver for Chrome 128)
2024-09-09 18:42:28.415  INFO 21676 --- [    Test worker] i.g.bonigarcia.wdm.WebDriverManager      : Exporting webdriver.chrome.driver as C:\Users\massa\.cache\selenium\chromedriver\win64\128.0.6613.119\chromedriver.exe
2024-09-09 18:42:30.013  INFO 21676 --- [ null to remote] o.o.selenium.remote.ProtocolHandshake    : Detected dialect: W3C
2024-09-09 18:42:33.082  INFO 21676 --- [    Test worker] i.g.bonigarcia.wdm.WebDriverManager      : Using chromedriver 128.0.6613.119 (resolved driver for Chrome 128)
2024-09-09 18:42:33.092  INFO 21676 --- [    Test worker] i.g.bonigarcia.wdm.WebDriverManager      : Exporting webdriver.chrome.driver as C:\Users\massa\.cache\selenium\chromedriver\win64\128.0.6613.119\chromedriver.exe
2024-09-09 18:42:34.171  INFO 21676 --- [ null to remote] o.o.selenium.remote.ProtocolHandshake    : Detected dialect: W3C
2024-09-09 18:42:36.631  INFO 21676 --- [    Test worker] i.g.bonigarcia.wdm.WebDriverManager      : Using chromedriver 128.0.6613.119 (resolved driver for Chrome 128)
2024-09-09 18:42:36.639  INFO 21676 --- [    Test worker] i.g.bonigarcia.wdm.WebDriverManager      : Exporting webdriver.chrome.driver as C:\Users\massa\.cache\selenium\chromedriver\win64\128.0.6613.119\chromedriver.exe
2024-09-09 18:42:37.726  INFO 21676 --- [ null to remote] o.o.selenium.remote.ProtocolHandshake    : Detected dialect: W3C
2024-09-09 18:42:40.027  INFO 21676 --- [    Test worker] i.g.bonigarcia.wdm.WebDriverManager      : Using chromedriver 128.0.6613.119 (resolved driver for Chrome 128)
2024-09-09 18:42:40.039  INFO 21676 --- [    Test worker] i.g.bonigarcia.wdm.WebDriverManager      : Exporting webdriver.chrome.driver as C:\Users\massa\.cache\selenium\chromedriver\win64\128.0.6613.119\chromedriver.exe
2024-09-09 18:42:41.140  INFO 21676 --- [ null to remote] o.o.selenium.remote.ProtocolHandshake    : Detected dialect: W3C
2024-09-09 18:42:43.416  INFO 21676 --- [    Test worker] i.g.bonigarcia.wdm.WebDriverManager      : Using chromedriver 128.0.6613.119 (resolved driver for Chrome 128)
2024-09-09 18:42:43.428  INFO 21676 --- [    Test worker] i.g.bonigarcia.wdm.WebDriverManager      : Exporting webdriver.chrome.driver as C:\Users\massa\.cache\selenium\chromedriver\win64\128.0.6613.119\chromedriver.exe
2024-09-09 18:42:44.517  INFO 21676 --- [ null to remote] o.o.selenium.remote.ProtocolHandshake    : Detected dialect: W3C
2024-09-09 18:42:47.048  INFO 21676 --- [    Test worker] i.g.bonigarcia.wdm.WebDriverManager      : Using chromedriver 128.0.6613.119 (resolved driver for Chrome 128)
2024-09-09 18:42:47.064  INFO 21676 --- [    Test worker] i.g.bonigarcia.wdm.WebDriverManager      : Exporting webdriver.chrome.driver as C:\Users\massa\.cache\selenium\chromedriver\win64\128.0.6613.119\chromedriver.exe
2024-09-09 18:42:48.219  INFO 21676 --- [ null to remote] o.o.selenium.remote.ProtocolHandshake    : Detected dialect: W3C
2024-09-09 18:42:50.469  INFO 21676 --- [    Test worker] i.g.bonigarcia.wdm.WebDriverManager      : Using chromedriver 128.0.6613.119 (resolved driver for Chrome 128)
2024-09-09 18:42:50.483  INFO 21676 --- [    Test worker] i.g.bonigarcia.wdm.WebDriverManager      : Exporting webdriver.chrome.driver as C:\Users\massa\.cache\selenium\chromedriver\win64\128.0.6613.119\chromedriver.exe
2024-09-09 18:42:51.567  INFO 21676 --- [ null to remote] o.o.selenium.remote.ProtocolHandshake    : Detected dialect: W3C
2024-09-09 18:42:53.563  INFO 21676 --- [    Test worker] i.g.bonigarcia.wdm.WebDriverManager      : Using chromedriver 128.0.6613.119 (resolved driver for Chrome 128)
2024-09-09 18:42:53.571  INFO 21676 --- [    Test worker] i.g.bonigarcia.wdm.WebDriverManager      : Exporting webdriver.chrome.driver as C:\Users\massa\.cache\selenium\chromedriver\win64\128.0.6613.119\chromedriver.exe
2024-09-09 18:42:54.630  INFO 21676 --- [ null to remote] o.o.selenium.remote.ProtocolHandshake    : Detected dialect: W3C
2024-09-09 18:42:57.540  INFO 21676 --- [    Test worker] i.g.bonigarcia.wdm.WebDriverManager      : Using chromedriver 128.0.6613.119 (resolved driver for Chrome 128)
2024-09-09 18:42:57.551  INFO 21676 --- [    Test worker] i.g.bonigarcia.wdm.WebDriverManager      : Exporting webdriver.chrome.driver as C:\Users\massa\.cache\selenium\chromedriver\win64\128.0.6613.119\chromedriver.exe
2024-09-09 18:42:58.651  INFO 21676 --- [ null to remote] o.o.selenium.remote.ProtocolHandshake    : Detected dialect: W3C
2024-09-09 18:43:02.052  INFO 21676 --- [    Test worker] i.g.bonigarcia.wdm.WebDriverManager      : Using chromedriver 128.0.6613.119 (resolved driver for Chrome 128)
2024-09-09 18:43:02.063  INFO 21676 --- [    Test worker] i.g.bonigarcia.wdm.WebDriverManager      : Exporting webdriver.chrome.driver as C:\Users\massa\.cache\selenium\chromedriver\win64\128.0.6613.119\chromedriver.exe
2024-09-09 18:43:03.202  INFO 21676 --- [ null to remote] o.o.selenium.remote.ProtocolHandshake    : Detected dialect: W3C
2024-09-09 18:43:05.690  INFO 21676 --- [    Test worker] i.g.bonigarcia.wdm.WebDriverManager      : Using chromedriver 128.0.6613.119 (resolved driver for Chrome 128)
2024-09-09 18:43:05.698  INFO 21676 --- [    Test worker] i.g.bonigarcia.wdm.WebDriverManager      : Exporting webdriver.chrome.driver as C:\Users\massa\.cache\selenium\chromedriver\win64\128.0.6613.119\chromedriver.exe
2024-09-09 18:43:06.782  INFO 21676 --- [ null to remote] o.o.selenium.remote.ProtocolHandshake    : Detected dialect: W3C
2024-09-09 18:43:09.289  INFO 21676 --- [    Test worker] i.g.bonigarcia.wdm.WebDriverManager      : Using chromedriver 128.0.6613.119 (resolved driver for Chrome 128)
2024-09-09 18:43:09.298  INFO 21676 --- [    Test worker] i.g.bonigarcia.wdm.WebDriverManager      : Exporting webdriver.chrome.driver as C:\Users\massa\.cache\selenium\chromedriver\win64\128.0.6613.119\chromedriver.exe
2024-09-09 18:43:10.353  INFO 21676 --- [ null to remote] o.o.selenium.remote.ProtocolHandshake    : Detected dialect: W3C
2024-09-09 18:43:12.684  INFO 21676 --- [    Test worker] i.g.bonigarcia.wdm.WebDriverManager      : Using chromedriver 128.0.6613.119 (resolved driver for Chrome 128)
2024-09-09 18:43:12.693  INFO 21676 --- [    Test worker] i.g.bonigarcia.wdm.WebDriverManager      : Exporting webdriver.chrome.driver as C:\Users\massa\.cache\selenium\chromedriver\win64\128.0.6613.119\chromedriver.exe
2024-09-09 18:43:13.784  INFO 21676 --- [ null to remote] o.o.selenium.remote.ProtocolHandshake    : Detected dialect: W3C
2024-09-09 18:43:16.044  INFO 21676 --- [    Test worker] i.g.bonigarcia.wdm.WebDriverManager      : Using chromedriver 128.0.6613.119 (resolved driver for Chrome 128)
2024-09-09 18:43:16.053  INFO 21676 --- [    Test worker] i.g.bonigarcia.wdm.WebDriverManager      : Exporting webdriver.chrome.driver as C:\Users\massa\.cache\selenium\chromedriver\win64\128.0.6613.119\chromedriver.exe
2024-09-09 18:43:17.131  INFO 21676 --- [ null to remote] o.o.selenium.remote.ProtocolHandshake    : Detected dialect: W3C
2024-09-09 18:43:19.575  INFO 21676 --- [    Test worker] i.g.bonigarcia.wdm.WebDriverManager      : Using chromedriver 128.0.6613.119 (resolved driver for Chrome 128)
2024-09-09 18:43:19.585  INFO 21676 --- [    Test worker] i.g.bonigarcia.wdm.WebDriverManager      : Exporting webdriver.chrome.driver as C:\Users\massa\.cache\selenium\chromedriver\win64\128.0.6613.119\chromedriver.exe
2024-09-09 18:43:20.674  INFO 21676 --- [ null to remote] o.o.selenium.remote.ProtocolHandshake    : Detected dialect: W3C
2024-09-09 18:43:23.068  INFO 21676 --- [    Test worker] i.g.bonigarcia.wdm.WebDriverManager      : Using chromedriver 128.0.6613.119 (resolved driver for Chrome 128)
2024-09-09 18:43:23.078  INFO 21676 --- [    Test worker] i.g.bonigarcia.wdm.WebDriverManager      : Exporting webdriver.chrome.driver as C:\Users\massa\.cache\selenium\chromedriver\win64\128.0.6613.119\chromedriver.exe
2024-09-09 18:43:24.239  INFO 21676 --- [ null to remote] o.o.selenium.remote.ProtocolHandshake    : Detected dialect: W3C
2024-09-09 18:43:27.168  INFO 21676 --- [    Test worker] i.g.bonigarcia.wdm.WebDriverManager      : Using chromedriver 128.0.6613.119 (resolved driver for Chrome 128)
2024-09-09 18:43:27.176  INFO 21676 --- [    Test worker] i.g.bonigarcia.wdm.WebDriverManager      : Exporting webdriver.chrome.driver as C:\Users\massa\.cache\selenium\chromedriver\win64\128.0.6613.119\chromedriver.exe
2024-09-09 18:43:28.266  INFO 21676 --- [ null to remote] o.o.selenium.remote.ProtocolHandshake    : Detected dialect: W3C
2024-09-09 18:43:30.962  INFO 21676 --- [    Test worker] i.g.bonigarcia.wdm.WebDriverManager      : Using chromedriver 128.0.6613.119 (resolved driver for Chrome 128)
2024-09-09 18:43:30.970  INFO 21676 --- [    Test worker] i.g.bonigarcia.wdm.WebDriverManager      : Exporting webdriver.chrome.driver as C:\Users\massa\.cache\selenium\chromedriver\win64\128.0.6613.119\chromedriver.exe
2024-09-09 18:43:32.066  INFO 21676 --- [ null to remote] o.o.selenium.remote.ProtocolHandshake    : Detected dialect: W3C
2024-09-09 18:43:34.426  INFO 21676 --- [    Test worker] i.g.bonigarcia.wdm.WebDriverManager      : Using chromedriver 128.0.6613.119 (resolved driver for Chrome 128)
2024-09-09 18:43:34.438  INFO 21676 --- [    Test worker] i.g.bonigarcia.wdm.WebDriverManager      : Exporting webdriver.chrome.driver as C:\Users\massa\.cache\selenium\chromedriver\win64\128.0.6613.119\chromedriver.exe
2024-09-09 18:43:35.507  INFO 21676 --- [ null to remote] o.o.selenium.remote.ProtocolHandshake    : Detected dialect: W3C
2024-09-09 18:43:37.810  INFO 21676 --- [    Test worker] i.g.bonigarcia.wdm.WebDriverManager      : Using chromedriver 128.0.6613.119 (resolved driver for Chrome 128)
2024-09-09 18:43:37.818  INFO 21676 --- [    Test worker] i.g.bonigarcia.wdm.WebDriverManager      : Exporting webdriver.chrome.driver as C:\Users\massa\.cache\selenium\chromedriver\win64\128.0.6613.119\chromedriver.exe
2024-09-09 18:43:38.956  INFO 21676 --- [ null to remote] o.o.selenium.remote.ProtocolHandshake    : Detected dialect: W3C
2024-09-09 18:43:41.356  INFO 21676 --- [    Test worker] i.g.bonigarcia.wdm.WebDriverManager      : Using chromedriver 128.0.6613.119 (resolved driver for Chrome 128)
2024-09-09 18:43:41.368  INFO 21676 --- [    Test worker] i.g.bonigarcia.wdm.WebDriverManager      : Exporting webdriver.chrome.driver as C:\Users\massa\.cache\selenium\chromedriver\win64\128.0.6613.119\chromedriver.exe
2024-09-09 18:43:42.452  INFO 21676 --- [ null to remote] o.o.selenium.remote.ProtocolHandshake    : Detected dialect: W3C
2024-09-09 18:43:44.858  INFO 21676 --- [    Test worker] i.g.bonigarcia.wdm.WebDriverManager      : Using chromedriver 128.0.6613.119 (resolved driver for Chrome 128)
2024-09-09 18:43:44.867  INFO 21676 --- [    Test worker] i.g.bonigarcia.wdm.WebDriverManager      : Exporting webdriver.chrome.driver as C:\Users\massa\.cache\selenium\chromedriver\win64\128.0.6613.119\chromedriver.exe
2024-09-09 18:43:45.950  INFO 21676 --- [ null to remote] o.o.selenium.remote.ProtocolHandshake    : Detected dialect: W3C
2024-09-09 18:43:48.204  INFO 21676 --- [    Test worker] i.g.bonigarcia.wdm.WebDriverManager      : Using chromedriver 128.0.6613.119 (resolved driver for Chrome 128)
2024-09-09 18:43:48.212  INFO 21676 --- [    Test worker] i.g.bonigarcia.wdm.WebDriverManager      : Exporting webdriver.chrome.driver as C:\Users\massa\.cache\selenium\chromedriver\win64\128.0.6613.119\chromedriver.exe
2024-09-09 18:43:49.365  INFO 21676 --- [ null to remote] o.o.selenium.remote.ProtocolHandshake    : Detected dialect: W3C
2024-09-09 18:43:51.957  INFO 21676 --- [    Test worker] i.g.bonigarcia.wdm.WebDriverManager      : Using chromedriver 128.0.6613.119 (resolved driver for Chrome 128)
2024-09-09 18:43:51.968  INFO 21676 --- [    Test worker] i.g.bonigarcia.wdm.WebDriverManager      : Exporting webdriver.chrome.driver as C:\Users\massa\.cache\selenium\chromedriver\win64\128.0.6613.119\chromedriver.exe
2024-09-09 18:43:53.034  INFO 21676 --- [ null to remote] o.o.selenium.remote.ProtocolHandshake    : Detected dialect: W3C
2024-09-09 18:43:55.500  INFO 21676 --- [    Test worker] i.g.bonigarcia.wdm.WebDriverManager      : Using chromedriver 128.0.6613.119 (resolved driver for Chrome 128)
2024-09-09 18:43:55.509  INFO 21676 --- [    Test worker] i.g.bonigarcia.wdm.WebDriverManager      : Exporting webdriver.chrome.driver as C:\Users\massa\.cache\selenium\chromedriver\win64\128.0.6613.119\chromedriver.exe
2024-09-09 18:43:56.584  INFO 21676 --- [ null to remote] o.o.selenium.remote.ProtocolHandshake    : Detected dialect: W3C
2024-09-09 18:43:59.014  INFO 21676 --- [    Test worker] i.g.bonigarcia.wdm.WebDriverManager      : Using chromedriver 128.0.6613.119 (resolved driver for Chrome 128)
2024-09-09 18:43:59.023  INFO 21676 --- [    Test worker] i.g.bonigarcia.wdm.WebDriverManager      : Exporting webdriver.chrome.driver as C:\Users\massa\.cache\selenium\chromedriver\win64\128.0.6613.119\chromedriver.exe
2024-09-09 18:44:00.120  INFO 21676 --- [ null to remote] o.o.selenium.remote.ProtocolHandshake    : Detected dialect: W3C
2024-09-09 18:44:02.645  INFO 21676 --- [    Test worker] i.g.bonigarcia.wdm.WebDriverManager      : Using chromedriver 128.0.6613.119 (resolved driver for Chrome 128)
2024-09-09 18:44:02.655  INFO 21676 --- [    Test worker] i.g.bonigarcia.wdm.WebDriverManager      : Exporting webdriver.chrome.driver as C:\Users\massa\.cache\selenium\chromedriver\win64\128.0.6613.119\chromedriver.exe
2024-09-09 18:44:03.815  INFO 21676 --- [ null to remote] o.o.selenium.remote.ProtocolHandshake    : Detected dialect: W3C
2024-09-09 18:44:06.094  INFO 21676 --- [    Test worker] i.g.bonigarcia.wdm.WebDriverManager      : Using chromedriver 128.0.6613.119 (resolved driver for Chrome 128)
2024-09-09 18:44:06.104  INFO 21676 --- [    Test worker] i.g.bonigarcia.wdm.WebDriverManager      : Exporting webdriver.chrome.driver as C:\Users\massa\.cache\selenium\chromedriver\win64\128.0.6613.119\chromedriver.exe
2024-09-09 18:44:07.243  INFO 21676 --- [ null to remote] o.o.selenium.remote.ProtocolHandshake    : Detected dialect: W3C
2024-09-09 18:44:09.754  INFO 21676 --- [    Test worker] i.g.bonigarcia.wdm.WebDriverManager      : Using chromedriver 128.0.6613.119 (resolved driver for Chrome 128)
2024-09-09 18:44:09.764  INFO 21676 --- [    Test worker] i.g.bonigarcia.wdm.WebDriverManager      : Exporting webdriver.chrome.driver as C:\Users\massa\.cache\selenium\chromedriver\win64\128.0.6613.119\chromedriver.exe
2024-09-09 18:44:10.889  INFO 21676 --- [ null to remote] o.o.selenium.remote.ProtocolHandshake    : Detected dialect: W3C
2024-09-09 18:44:13.188  INFO 21676 --- [    Test worker] i.g.bonigarcia.wdm.WebDriverManager      : Using chromedriver 128.0.6613.119 (resolved driver for Chrome 128)
2024-09-09 18:44:13.198  INFO 21676 --- [    Test worker] i.g.bonigarcia.wdm.WebDriverManager      : Exporting webdriver.chrome.driver as C:\Users\massa\.cache\selenium\chromedriver\win64\128.0.6613.119\chromedriver.exe
2024-09-09 18:44:14.269  INFO 21676 --- [ null to remote] o.o.selenium.remote.ProtocolHandshake    : Detected dialect: W3C
]]></system-out>
  <system-err><![CDATA[Starting ChromeDriver 128.0.6613.119 (6e439cfca4deda5954b0c74cde9b521c03cb31ad-refs/branch-heads/6613@{#1464}) on port 11679
Only local connections are allowed.
Please see https://chromedriver.chromium.org/security-considerations for suggestions on keeping ChromeDriver safe.
ChromeDriver was started successfully on port 11679.
Starting ChromeDriver 128.0.6613.119 (6e439cfca4deda5954b0c74cde9b521c03cb31ad-refs/branch-heads/6613@{#1464}) on port 22312
Only local connections are allowed.
Please see https://chromedriver.chromium.org/security-considerations for suggestions on keeping ChromeDriver safe.
ChromeDriver was started successfully on port 22312.
Starting ChromeDriver 128.0.6613.119 (6e439cfca4deda5954b0c74cde9b521c03cb31ad-refs/branch-heads/6613@{#1464}) on port 37080
Only local connections are allowed.
Please see https://chromedriver.chromium.org/security-considerations for suggestions on keeping ChromeDriver safe.
ChromeDriver was started successfully on port 37080.
Starting ChromeDriver 128.0.6613.119 (6e439cfca4deda5954b0c74cde9b521c03cb31ad-refs/branch-heads/6613@{#1464}) on port 31270
Only local connections are allowed.
Please see https://chromedriver.chromium.org/security-considerations for suggestions on keeping ChromeDriver safe.
ChromeDriver was started successfully on port 31270.
Starting ChromeDriver 128.0.6613.119 (6e439cfca4deda5954b0c74cde9b521c03cb31ad-refs/branch-heads/6613@{#1464}) on port 20844
Only local connections are allowed.
Please see https://chromedriver.chromium.org/security-considerations for suggestions on keeping ChromeDriver safe.
ChromeDriver was started successfully on port 20844.
Starting ChromeDriver 128.0.6613.119 (6e439cfca4deda5954b0c74cde9b521c03cb31ad-refs/branch-heads/6613@{#1464}) on port 7150
Only local connections are allowed.
Please see https://chromedriver.chromium.org/security-considerations for suggestions on keeping ChromeDriver safe.
ChromeDriver was started successfully on port 7150.
Starting ChromeDriver 128.0.6613.119 (6e439cfca4deda5954b0c74cde9b521c03cb31ad-refs/branch-heads/6613@{#1464}) on port 47819
Only local connections are allowed.
Please see https://chromedriver.chromium.org/security-considerations for suggestions on keeping ChromeDriver safe.
ChromeDriver was started successfully on port 47819.
Starting ChromeDriver 128.0.6613.119 (6e439cfca4deda5954b0c74cde9b521c03cb31ad-refs/branch-heads/6613@{#1464}) on port 17017
Only local connections are allowed.
Please see https://chromedriver.chromium.org/security-considerations for suggestions on keeping ChromeDriver safe.
ChromeDriver was started successfully on port 17017.
Starting ChromeDriver 128.0.6613.119 (6e439cfca4deda5954b0c74cde9b521c03cb31ad-refs/branch-heads/6613@{#1464}) on port 34327
Only local connections are allowed.
Please see https://chromedriver.chromium.org/security-considerations for suggestions on keeping ChromeDriver safe.
ChromeDriver was started successfully on port 34327.
Starting ChromeDriver 128.0.6613.119 (6e439cfca4deda5954b0c74cde9b521c03cb31ad-refs/branch-heads/6613@{#1464}) on port 7863
Only local connections are allowed.
Please see https://chromedriver.chromium.org/security-considerations for suggestions on keeping ChromeDriver safe.
ChromeDriver was started successfully on port 7863.
Starting ChromeDriver 128.0.6613.119 (6e439cfca4deda5954b0c74cde9b521c03cb31ad-refs/branch-heads/6613@{#1464}) on port 45947
Only local connections are allowed.
Please see https://chromedriver.chromium.org/security-considerations for suggestions on keeping ChromeDriver safe.
ChromeDriver was started successfully on port 45947.
Starting ChromeDriver 128.0.6613.119 (6e439cfca4deda5954b0c74cde9b521c03cb31ad-refs/branch-heads/6613@{#1464}) on port 22453
Only local connections are allowed.
Please see https://chromedriver.chromium.org/security-considerations for suggestions on keeping ChromeDriver safe.
ChromeDriver was started successfully on port 22453.
Starting ChromeDriver 128.0.6613.119 (6e439cfca4deda5954b0c74cde9b521c03cb31ad-refs/branch-heads/6613@{#1464}) on port 3027
Only local connections are allowed.
Please see https://chromedriver.chromium.org/security-considerations for suggestions on keeping ChromeDriver safe.
ChromeDriver was started successfully on port 3027.
Starting ChromeDriver 128.0.6613.119 (6e439cfca4deda5954b0c74cde9b521c03cb31ad-refs/branch-heads/6613@{#1464}) on port 9718
Only local connections are allowed.
Please see https://chromedriver.chromium.org/security-considerations for suggestions on keeping ChromeDriver safe.
ChromeDriver was started successfully on port 9718.
Starting ChromeDriver 128.0.6613.119 (6e439cfca4deda5954b0c74cde9b521c03cb31ad-refs/branch-heads/6613@{#1464}) on port 34981
Only local connections are allowed.
Please see https://chromedriver.chromium.org/security-considerations for suggestions on keeping ChromeDriver safe.
ChromeDriver was started successfully on port 34981.
Starting ChromeDriver 128.0.6613.119 (6e439cfca4deda5954b0c74cde9b521c03cb31ad-refs/branch-heads/6613@{#1464}) on port 42102
Only local connections are allowed.
Please see https://chromedriver.chromium.org/security-considerations for suggestions on keeping ChromeDriver safe.
ChromeDriver was started successfully on port 42102.
Starting ChromeDriver 128.0.6613.119 (6e439cfca4deda5954b0c74cde9b521c03cb31ad-refs/branch-heads/6613@{#1464}) on port 40501
Only local connections are allowed.
Please see https://chromedriver.chromium.org/security-considerations for suggestions on keeping ChromeDriver safe.
ChromeDriver was started successfully on port 40501.
Starting ChromeDriver 128.0.6613.119 (6e439cfca4deda5954b0c74cde9b521c03cb31ad-refs/branch-heads/6613@{#1464}) on port 11689
Only local connections are allowed.
Please see https://chromedriver.chromium.org/security-considerations for suggestions on keeping ChromeDriver safe.
ChromeDriver was started successfully on port 11689.
Starting ChromeDriver 128.0.6613.119 (6e439cfca4deda5954b0c74cde9b521c03cb31ad-refs/branch-heads/6613@{#1464}) on port 42820
Only local connections are allowed.
Please see https://chromedriver.chromium.org/security-considerations for suggestions on keeping ChromeDriver safe.
ChromeDriver was started successfully on port 42820.
Starting ChromeDriver 128.0.6613.119 (6e439cfca4deda5954b0c74cde9b521c03cb31ad-refs/branch-heads/6613@{#1464}) on port 37087
Only local connections are allowed.
Please see https://chromedriver.chromium.org/security-considerations for suggestions on keeping ChromeDriver safe.
ChromeDriver was started successfully on port 37087.
Starting ChromeDriver 128.0.6613.119 (6e439cfca4deda5954b0c74cde9b521c03cb31ad-refs/branch-heads/6613@{#1464}) on port 33788
Only local connections are allowed.
Please see https://chromedriver.chromium.org/security-considerations for suggestions on keeping ChromeDriver safe.
ChromeDriver was started successfully on port 33788.
Starting ChromeDriver 128.0.6613.119 (6e439cfca4deda5954b0c74cde9b521c03cb31ad-refs/branch-heads/6613@{#1464}) on port 18427
Only local connections are allowed.
Please see https://chromedriver.chromium.org/security-considerations for suggestions on keeping ChromeDriver safe.
ChromeDriver was started successfully on port 18427.
Starting ChromeDriver 128.0.6613.119 (6e439cfca4deda5954b0c74cde9b521c03cb31ad-refs/branch-heads/6613@{#1464}) on port 20744
Only local connections are allowed.
Please see https://chromedriver.chromium.org/security-considerations for suggestions on keeping ChromeDriver safe.
ChromeDriver was started successfully on port 20744.
Starting ChromeDriver 128.0.6613.119 (6e439cfca4deda5954b0c74cde9b521c03cb31ad-refs/branch-heads/6613@{#1464}) on port 40559
Only local connections are allowed.
Please see https://chromedriver.chromium.org/security-considerations for suggestions on keeping ChromeDriver safe.
ChromeDriver was started successfully on port 40559.
Starting ChromeDriver 128.0.6613.119 (6e439cfca4deda5954b0c74cde9b521c03cb31ad-refs/branch-heads/6613@{#1464}) on port 19934
Only local connections are allowed.
Please see https://chromedriver.chromium.org/security-considerations for suggestions on keeping ChromeDriver safe.
ChromeDriver was started successfully on port 19934.
Starting ChromeDriver 128.0.6613.119 (6e439cfca4deda5954b0c74cde9b521c03cb31ad-refs/branch-heads/6613@{#1464}) on port 42183
Only local connections are allowed.
Please see https://chromedriver.chromium.org/security-considerations for suggestions on keeping ChromeDriver safe.
ChromeDriver was started successfully on port 42183.
Starting ChromeDriver 128.0.6613.119 (6e439cfca4deda5954b0c74cde9b521c03cb31ad-refs/branch-heads/6613@{#1464}) on port 48382
Only local connections are allowed.
Please see https://chromedriver.chromium.org/security-considerations for suggestions on keeping ChromeDriver safe.
ChromeDriver was started successfully on port 48382.
Starting ChromeDriver 128.0.6613.119 (6e439cfca4deda5954b0c74cde9b521c03cb31ad-refs/branch-heads/6613@{#1464}) on port 34101
Only local connections are allowed.
Please see https://chromedriver.chromium.org/security-considerations for suggestions on keeping ChromeDriver safe.
ChromeDriver was started successfully on port 34101.
Starting ChromeDriver 128.0.6613.119 (6e439cfca4deda5954b0c74cde9b521c03cb31ad-refs/branch-heads/6613@{#1464}) on port 16356
Only local connections are allowed.
Please see https://chromedriver.chromium.org/security-considerations for suggestions on keeping ChromeDriver safe.
ChromeDriver was started successfully on port 16356.
Starting ChromeDriver 128.0.6613.119 (6e439cfca4deda5954b0c74cde9b521c03cb31ad-refs/branch-heads/6613@{#1464}) on port 4124
Only local connections are allowed.
Please see https://chromedriver.chromium.org/security-considerations for suggestions on keeping ChromeDriver safe.
ChromeDriver was started successfully on port 4124.
]]></system-err>
</testsuite>
